<?xml version="1.0" encoding="UTF-8"?>
<!-- Generated by org.testng.reporters.JUnitReportReporter -->
<testsuite skipped="0" hostname="KILLZONE-PC" name="com.testngexamples.intellipaatsolutions.GroupingExample" tests="3" failures="0" timestamp="23 Sep 2018 17:21:36 GMT" time="0.019" errors="0">
  <testcase name="newtours" time="0.008" classname="com.testngexamples.intellipaatsolutions.GroupingExample"/>
  <testcase name="google" time="0.004" classname="com.testngexamples.intellipaatsolutions.GroupingExample"/>
  <testcase name="aix" time="0.007" classname="com.testngexamples.intellipaatsolutions.GroupingExample"/>
</testsuite> <!-- com.testngexamples.intellipaatsolutions.GroupingExample -->
