<?xml version="1.0" encoding="UTF-8"?>
<!-- Generated by org.testng.reporters.JUnitReportReporter -->
<testsuite skipped="0" hostname="KILLZONE-PC" name="com.testngexamples.intellipaatsolutions.PageObjectModelTest" tests="1" failures="0" timestamp="30 Sep 2018 15:00:05 GMT" time="30.381" errors="0">
  <testcase name="loginFacebook" time="30.381" classname="com.testngexamples.intellipaatsolutions.PageObjectModelTest"/>
</testsuite> <!-- com.testngexamples.intellipaatsolutions.PageObjectModelTest -->
