<?xml version="1.0" encoding="UTF-8"?>
<!-- Generated by org.testng.reporters.JUnitReportReporter -->
<testsuite skipped="0" hostname="KILLZONE-PC" name="com.testngexamples.intellipaatsolutions.BeforeAndAfterExample" tests="2" failures="0" timestamp="23 Sep 2018 17:07:31 GMT" time="0.008" errors="0">
  <testcase name="google" time="0.004" classname="com.testngexamples.intellipaatsolutions.BeforeAndAfterExample"/>
  <testcase name="facebook" time="0.004" classname="com.testngexamples.intellipaatsolutions.BeforeAndAfterExample"/>
</testsuite> <!-- com.testngexamples.intellipaatsolutions.BeforeAndAfterExample -->
