<?xml version="1.0" encoding="UTF-8"?>
<!-- Generated by org.testng.reporters.JUnitReportReporter -->
<testsuite skipped="0" hostname="KILLZONE-PC" name="com.testngexamples.intellipaatsolutions.ParametrizationExample" tests="1" failures="0" timestamp="23 Sep 2018 17:45:20 GMT" time="3.060" errors="0">
  <testcase name="launchBrowser" time="3.060" classname="com.testngexamples.intellipaatsolutions.ParametrizationExample"/>
</testsuite> <!-- com.testngexamples.intellipaatsolutions.ParametrizationExample -->
