<?xml version="1.0" encoding="UTF-8"?>
<!-- Generated by org.testng.reporters.JUnitReportReporter -->
<testsuite skipped="0" hostname="KILLZONE-PC" name="com.testngexamples.intellipaatsolutions.PageFactoryExample" tests="1" failures="0" timestamp="30 Sep 2018 15:41:02 GMT" time="14.859" errors="0">
  <testcase name="loginFacebook" time="14.859" classname="com.testngexamples.intellipaatsolutions.PageFactoryExample"/>
</testsuite> <!-- com.testngexamples.intellipaatsolutions.PageFactoryExample -->
