<?xml version="1.0" encoding="UTF-8"?>
<!-- Generated by org.testng.reporters.JUnitReportReporter -->
<testsuite skipped="0" hostname="KILLZONE-PC" name="com.testngexamples.intellipaatsolutions.MultipleTestsWithPriority" tests="4" failures="0" timestamp="23 Sep 2018 16:49:08 GMT" time="12.206" errors="0">
  <testcase name="launch" time="4.170" classname="com.testngexamples.intellipaatsolutions.MultipleTestsWithPriority"/>
  <testcase name="google" time="3.348" classname="com.testngexamples.intellipaatsolutions.MultipleTestsWithPriority"/>
  <testcase name="facebook" time="2.599" classname="com.testngexamples.intellipaatsolutions.MultipleTestsWithPriority"/>
  <testcase name="logout" time="2.089" classname="com.testngexamples.intellipaatsolutions.MultipleTestsWithPriority"/>
</testsuite> <!-- com.testngexamples.intellipaatsolutions.MultipleTestsWithPriority -->
