<?xml version="1.0" encoding="UTF-8"?>
<!-- Generated by org.testng.reporters.JUnitReportReporter -->
<testsuite skipped="0" hostname="KILLZONE-PC" name="com.testngexamples.intellipaatsolutions.BasicTest" tests="1" failures="0" timestamp="23 Sep 2018 16:16:03 GMT" time="16.427" errors="0">
  <testcase name="printHello" time="16.427" classname="com.testngexamples.intellipaatsolutions.BasicTest"/>
</testsuite> <!-- com.testngexamples.intellipaatsolutions.BasicTest -->
