<?xml version="1.0" encoding="UTF-8"?>
<!-- Generated by org.testng.reporters.JUnitReportReporter -->
<testsuite skipped="0" hostname="KILLZONE-PC" name="com.testngexamples.intellipaatsolutions.DataProvideExample2" tests="3" failures="0" timestamp="23 Sep 2018 18:13:45 GMT" time="25.507" errors="0">
  <testcase name="launchFacebook" time="7.675" classname="com.testngexamples.intellipaatsolutions.DataProvideExample2"/>
  <testcase name="launchFacebook" time="9.395" classname="com.testngexamples.intellipaatsolutions.DataProvideExample2"/>
  <testcase name="launchFacebook" time="8.437" classname="com.testngexamples.intellipaatsolutions.DataProvideExample2"/>
</testsuite> <!-- com.testngexamples.intellipaatsolutions.DataProvideExample2 -->
