<?xml version="1.0" encoding="UTF-8"?>
<!-- Generated by org.testng.reporters.JUnitReportReporter -->
<testsuite skipped="0" hostname="KILLZONE-PC" name="com.testngexamples.intellipaatsolutions.DataProviderExample" tests="3" failures="0" timestamp="23 Sep 2018 17:55:46 GMT" time="0.019" errors="0">
  <testcase name="launchBrowser" time="0.014" classname="com.testngexamples.intellipaatsolutions.DataProviderExample"/>
  <testcase name="launchBrowser" time="0.003" classname="com.testngexamples.intellipaatsolutions.DataProviderExample"/>
  <testcase name="launchBrowser" time="0.002" classname="com.testngexamples.intellipaatsolutions.DataProviderExample"/>
</testsuite> <!-- com.testngexamples.intellipaatsolutions.DataProviderExample -->
